2025-06-11T18:35:24.075Z [INFO]: Server is running on port 3000
2025-06-11T18:40:06.304Z [INFO]: Shutting down server...
2025-06-11T18:41:56.022Z [INFO]: Server is running on port 3000
2025-06-11T18:45:28.229Z [INFO]: Shutting down server...
2025-06-11T18:45:38.714Z [INFO]: Server is running on port 3000
2025-06-11T18:45:42.813Z [INFO]: Shutting down server...
2025-06-11T18:46:41.883Z [INFO]: Server is running on port 3000
2025-06-11T18:46:42.734Z [INFO]: DB connected successfully
2025-06-11T18:51:28.948Z [INFO]: Shutting down server...
2025-06-12T12:37:58.936Z [INFO]: Server is running on port 3000
2025-06-12T13:09:25.354Z [INFO]: Server is running on port 3000
2025-06-12T13:14:05.372Z [INFO]: Shutting down server...
2025-06-12T14:34:33.582Z [INFO]: Server is running on port 3000
2025-06-12T14:36:37.577Z [INFO]: Server is running on port 3000
2025-06-12T14:38:21.980Z [INFO]: Server is running on port 4000
2025-06-12T14:38:41.565Z [INFO]: Server is running on port 4000
2025-06-12T14:38:47.262Z [INFO]: Server is running on port 4000
2025-06-12T14:38:55.602Z [INFO]: Server is running on port 4000
2025-06-12T14:39:03.746Z [INFO]: Server is running on port 4000
2025-06-12T14:39:06.699Z [INFO]: Server is running on port 4000
2025-06-12T14:40:34.820Z [INFO]: Server is running on port 4000
2025-06-12T14:41:10.130Z [INFO]: Server is running on port 4000
2025-06-12T14:41:12.756Z [INFO]: Server is running on port 4000
2025-06-12T14:41:17.558Z [INFO]: Server is running on port 4000
2025-06-12T14:43:00.464Z [INFO]: Server is running on port 4000
2025-06-12T14:43:18.277Z [INFO]: Server is running on port 4000
2025-06-12T14:43:30.015Z [INFO]: Server is running on port 4000
2025-06-12T14:43:51.196Z [INFO]: Server is running on port 4000
2025-06-12T14:45:19.047Z [INFO]: Server is running on port 4000
2025-06-12T14:45:20.336Z [INFO]: Server is running on port 4000
2025-06-12T14:45:23.255Z [INFO]: Server is running on port 4000
2025-06-12T14:45:26.524Z [INFO]: Server is running on port 4000
2025-06-12T14:45:27.833Z [INFO]: Server is running on port 4000
2025-06-12T14:45:31.166Z [INFO]: Server is running on port 4000
2025-06-12T14:45:32.824Z [INFO]: Server is running on port 4000
2025-06-12T14:45:35.568Z [INFO]: Server is running on port 4000
2025-06-12T14:45:37.418Z [INFO]: Server is running on port 4000
2025-06-12T14:45:41.742Z [INFO]: Server is running on port 4000
2025-06-12T14:45:45.756Z [INFO]: Server is running on port 4000
2025-06-12T14:45:54.954Z [INFO]: Server is running on port 4000
2025-06-12T14:45:55.967Z [INFO]: Server is running on port 4000
2025-06-12T14:46:43.813Z [INFO]: Server is running on port 4000
2025-06-12T14:47:59.644Z [INFO]: Server is running on port 4000
2025-06-12T14:48:15.614Z [INFO]: Server is running on port 4000
2025-06-12T14:49:09.196Z [INFO]: Server is running on port 4000
2025-06-12T14:49:18.026Z [INFO]: Server is running on port 4000
2025-06-12T14:49:21.660Z [INFO]: Server is running on port 4000
2025-06-12T14:49:24.827Z [INFO]: Server is running on port 4000
2025-06-12T14:49:27.254Z [INFO]: Server is running on port 4000
2025-06-12T14:49:29.547Z [INFO]: Server is running on port 4000
2025-06-12T14:51:44.405Z [INFO]: Server is running on port 4000
2025-06-12T14:54:48.977Z [INFO]: Server is running on port 4000
2025-06-12T14:54:51.543Z [INFO]: Server is running on port 4000
2025-06-12T14:54:57.422Z [INFO]: Server is running on port 4000
2025-06-12T14:55:02.720Z [INFO]: Server is running on port 4000
2025-06-12T14:55:05.713Z [INFO]: Server is running on port 4000
2025-06-12T14:55:13.199Z [INFO]: Server is running on port 4000
2025-06-12T14:55:21.324Z [INFO]: Server is running on port 4000
2025-06-12T14:56:15.883Z [INFO]: Server is running on port 4000
2025-06-12T15:00:37.491Z [INFO]: Server is running on port 4000
2025-06-12T15:00:54.400Z [INFO]: Server is running on port 4000
2025-06-12T15:01:03.413Z [INFO]: Server is running on port 4000
2025-06-12T15:02:08.422Z [INFO]: Shutting down server...
2025-06-12T15:38:39.248Z [INFO]: Server is running on port 4000
2025-06-12T15:40:35.223Z [INFO]: Server is running on port 4000
2025-06-12T15:48:06.875Z [INFO]: Server is running on port 4000
2025-06-12T15:48:12.512Z [INFO]: Server is running on port 4000
2025-06-12T15:48:17.397Z [INFO]: Server is running on port 4000
2025-06-12T15:51:54.594Z [INFO]: Server is running on port 4000
2025-06-12T15:52:02.820Z [INFO]: Server is running on port 4000
2025-06-12T15:52:09.351Z [INFO]: Server is running on port 4000
2025-06-12T15:52:11.698Z [INFO]: Server is running on port 4000
2025-06-12T15:52:13.569Z [INFO]: Server is running on port 4000
2025-06-12T16:04:40.087Z [INFO]: Server is running on port 4000
2025-06-12T16:04:46.393Z [INFO]: Server is running on port 4000
2025-06-12T16:04:48.292Z [INFO]: Server is running on port 4000
2025-06-12T16:04:50.044Z [INFO]: Server is running on port 4000
2025-06-12T16:04:53.936Z [INFO]: Server is running on port 4000
2025-06-12T16:04:56.442Z [INFO]: Server is running on port 4000
2025-06-12T16:04:59.371Z [INFO]: Server is running on port 4000
2025-06-12T16:05:57.855Z [INFO]: Server is running on port 4000
2025-06-12T16:06:09.400Z [INFO]: Server is running on port 4000
2025-06-12T16:07:27.899Z [INFO]: Server is running on port 4000
2025-06-12T16:07:36.862Z [INFO]: Server is running on port 4000
2025-06-12T16:07:38.550Z [INFO]: Server is running on port 4000
2025-06-12T16:07:47.060Z [INFO]: Server is running on port 4000
2025-06-12T16:07:51.133Z [INFO]: Server is running on port 4000
2025-06-12T16:08:13.639Z [INFO]: Server is running on port 4000
2025-06-12T16:08:24.023Z [INFO]: Server is running on port 4000
2025-06-12T16:08:26.885Z [INFO]: Server is running on port 4000
2025-06-12T16:08:28.972Z [INFO]: Server is running on port 4000
2025-06-12T16:08:33.516Z [INFO]: Server is running on port 4000
2025-06-12T16:08:35.927Z [INFO]: Server is running on port 4000
2025-06-12T16:08:44.150Z [INFO]: Server is running on port 4000
2025-06-12T16:08:47.404Z [INFO]: Server is running on port 4000
2025-06-12T16:09:12.644Z [INFO]: Server is running on port 4000
2025-06-12T16:09:25.489Z [INFO]: Server is running on port 4000
2025-06-12T16:09:28.946Z [INFO]: Server is running on port 4000
2025-06-12T16:09:31.896Z [INFO]: Server is running on port 4000
2025-06-12T16:09:37.011Z [INFO]: Server is running on port 4000
2025-06-12T16:09:55.616Z [INFO]: Server is running on port 4000
2025-06-12T16:09:58.975Z [INFO]: Server is running on port 4000
2025-06-12T16:10:14.618Z [INFO]: Server is running on port 4000
2025-06-12T16:10:16.373Z [INFO]: Server is running on port 4000
2025-06-12T16:10:21.157Z [INFO]: Server is running on port 4000
2025-06-12T16:10:31.934Z [INFO]: Server is running on port 4000
2025-06-12T16:10:35.709Z [INFO]: Server is running on port 4000
2025-06-12T16:10:39.890Z [INFO]: Server is running on port 4000
2025-06-12T16:10:45.048Z [INFO]: Server is running on port 4000
2025-06-12T16:10:47.580Z [INFO]: Server is running on port 4000
2025-06-12T16:10:50.153Z [INFO]: Server is running on port 4000
2025-06-12T16:11:00.053Z [INFO]: Shutting down server...
2025-06-12T16:11:04.212Z [INFO]: Server is running on port 4000
2025-06-12T16:14:35.018Z [INFO]: Server is running on port 4000
2025-06-12T16:14:37.027Z [INFO]: Server is running on port 4000
2025-06-12T16:14:54.381Z [INFO]: Server is running on port 4000
2025-06-12T16:14:56.713Z [INFO]: Server is running on port 4000
2025-06-12T16:14:59.721Z [INFO]: Server is running on port 4000
2025-06-12T16:15:02.059Z [INFO]: Server is running on port 4000
2025-06-12T16:15:04.847Z [INFO]: Server is running on port 4000
2025-06-12T16:15:21.089Z [INFO]: Server is running on port 4000
2025-06-12T16:15:25.035Z [INFO]: Server is running on port 4000
2025-06-12T16:15:55.337Z [INFO]: Server is running on port 4000
2025-06-12T16:15:57.937Z [INFO]: Server is running on port 4000
2025-06-12T16:16:02.030Z [INFO]: Server is running on port 4000
2025-06-12T16:16:05.994Z [INFO]: Server is running on port 4000
2025-06-12T16:16:09.247Z [INFO]: Server is running on port 4000
2025-06-12T16:16:35.922Z [INFO]: Server is running on port 4000
2025-06-12T16:16:41.508Z [INFO]: Server is running on port 4000
2025-06-12T16:16:49.496Z [INFO]: Server is running on port 4000
2025-06-12T16:17:10.160Z [INFO]: Server is running on port 4000
2025-06-12T16:17:13.245Z [INFO]: Server is running on port 4000
2025-06-12T16:17:16.736Z [INFO]: Server is running on port 4000
2025-06-12T16:17:25.854Z [INFO]: Server is running on port 4000
2025-06-12T16:17:35.630Z [INFO]: Server is running on port 4000
2025-06-12T16:17:38.513Z [INFO]: Server is running on port 4000
2025-06-12T16:18:07.924Z [INFO]: Server is running on port 4000
2025-06-12T16:18:28.631Z [INFO]: Server is running on port 4000
2025-06-12T16:18:31.588Z [INFO]: Server is running on port 4000
2025-06-12T16:18:33.418Z [INFO]: Server is running on port 4000
2025-06-12T17:13:35.415Z [INFO]: Server is running on port 4000
2025-06-12T17:13:43.060Z [INFO]: Shutting down server...
2025-06-12T17:13:49.440Z [INFO]: Server is running on port 5000
2025-06-12T17:19:44.733Z [ERROR]: 
Invalid `prisma.user.create()` invocation:

{
  data: {
    name: "Pratham Dwivedi",
    email: "prathamd549@gmail.com",
    oauth_id: "113109538093527776643",
    provider: "google",
    image: "https://lh3.googleusercontent.com/a/ACg8ocLgskutyqR9SLph3PUtGiOZiVrntu_qheiyBJZ5UiWNHsN0z8k=s96-c",
    ~~~~~
?   created_at?: DateTime,
?   ChatGroup?: ChatGroupCreateNestedManyWithoutUserInput
  }
}

Unknown argument `image`. Did you mean `name`? Available options are marked with ?.
2025-06-12T17:23:34.255Z [INFO]: Fetching chat groups for user 2
2025-06-12T17:25:12.103Z [INFO]: Creating chat group for user 2
2025-06-12T17:25:12.898Z [INFO]: Fetching chat groups for user 2
2025-06-12T17:25:22.594Z [INFO]: Fetching chat group with id 339638dc-acf7-4e87-ad60-ae09506584aa
2025-06-12T17:25:22.952Z [INFO]: Controller: Getting users for group ID: 339638dc-acf7-4e87-ad60-ae09506584aa
2025-06-12T17:25:22.953Z [INFO]: Service: Fetching users for group ID: 339638dc-acf7-4e87-ad60-ae09506584aa
2025-06-12T17:25:22.954Z [INFO]: Finding users in group ID: 339638dc-acf7-4e87-ad60-ae09506584aa
2025-06-12T17:25:23.414Z [INFO]: Controller: Fetching chats for group ID 339638dc-acf7-4e87-ad60-ae09506584aa
2025-06-12T17:25:23.416Z [INFO]: Service: Fetching chats for group ID 339638dc-acf7-4e87-ad60-ae09506584aa
2025-06-12T17:25:23.417Z [INFO]: Finding chats for groupId: 339638dc-acf7-4e87-ad60-ae09506584aa
2025-06-12T17:25:23.967Z [INFO]: Socket connected: KvxfX3sy_BcZLapYAAAB in room: 339638dc-acf7-4e87-ad60-ae09506584aa
2025-06-12T17:25:24.363Z [INFO]: Socket connected: BPMCCPcY7RuA2u8AAAAD in room: 339638dc-acf7-4e87-ad60-ae09506584aa
2025-06-12T17:25:35.211Z [INFO]: Controller: Adding user "Mr Fool" to group ID: 339638dc-acf7-4e87-ad60-ae09506584aa
2025-06-12T17:25:35.211Z [INFO]: Service: Adding user "Mr Fool" to group ID: 339638dc-acf7-4e87-ad60-ae09506584aa
2025-06-12T17:25:35.211Z [INFO]: Creating group user: {"name":"Mr Fool","group_id":"339638dc-acf7-4e87-ad60-ae09506584aa"}
2025-06-12T17:25:39.692Z [INFO]: Fetching chat group with id 339638dc-acf7-4e87-ad60-ae09506584aa
2025-06-12T17:25:39.935Z [INFO]: Controller: Getting users for group ID: 339638dc-acf7-4e87-ad60-ae09506584aa
2025-06-12T17:25:39.936Z [INFO]: Service: Fetching users for group ID: 339638dc-acf7-4e87-ad60-ae09506584aa
2025-06-12T17:25:39.936Z [INFO]: Finding users in group ID: 339638dc-acf7-4e87-ad60-ae09506584aa
2025-06-12T17:25:40.196Z [INFO]: Controller: Fetching chats for group ID 339638dc-acf7-4e87-ad60-ae09506584aa
2025-06-12T17:25:40.197Z [INFO]: Service: Fetching chats for group ID 339638dc-acf7-4e87-ad60-ae09506584aa
2025-06-12T17:25:40.199Z [INFO]: Finding chats for groupId: 339638dc-acf7-4e87-ad60-ae09506584aa
2025-06-12T17:25:40.485Z [INFO]: Socket disconnected: BPMCCPcY7RuA2u8AAAAD
2025-06-12T17:25:40.742Z [INFO]: Socket connected: UqMyOOLIlEI2jxO7AAAF in room: 339638dc-acf7-4e87-ad60-ae09506584aa
2025-06-12T17:25:46.186Z [INFO]: Fetching chat group with id 339638dc-acf7-4e87-ad60-ae09506584aa
2025-06-12T17:25:46.434Z [INFO]: Controller: Getting users for group ID: 339638dc-acf7-4e87-ad60-ae09506584aa
2025-06-12T17:25:46.435Z [INFO]: Service: Fetching users for group ID: 339638dc-acf7-4e87-ad60-ae09506584aa
2025-06-12T17:25:46.436Z [INFO]: Finding users in group ID: 339638dc-acf7-4e87-ad60-ae09506584aa
2025-06-12T17:25:46.680Z [INFO]: Controller: Fetching chats for group ID 339638dc-acf7-4e87-ad60-ae09506584aa
2025-06-12T17:25:46.680Z [INFO]: Service: Fetching chats for group ID 339638dc-acf7-4e87-ad60-ae09506584aa
2025-06-12T17:25:46.680Z [INFO]: Finding chats for groupId: 339638dc-acf7-4e87-ad60-ae09506584aa
2025-06-12T17:25:47.283Z [INFO]: Socket connected: qobs0o0014MXKrhqAAAH in room: 339638dc-acf7-4e87-ad60-ae09506584aa
2025-06-12T17:25:58.710Z [INFO]: Controller: Adding user "Audrey" to group ID: 339638dc-acf7-4e87-ad60-ae09506584aa
2025-06-12T17:25:58.711Z [INFO]: Service: Adding user "Audrey" to group ID: 339638dc-acf7-4e87-ad60-ae09506584aa
2025-06-12T17:25:58.712Z [INFO]: Creating group user: {"name":"Audrey","group_id":"339638dc-acf7-4e87-ad60-ae09506584aa"}
2025-06-12T17:26:01.783Z [INFO]: Fetching chat group with id 339638dc-acf7-4e87-ad60-ae09506584aa
2025-06-12T17:26:02.017Z [INFO]: Controller: Getting users for group ID: 339638dc-acf7-4e87-ad60-ae09506584aa
2025-06-12T17:26:02.017Z [INFO]: Service: Fetching users for group ID: 339638dc-acf7-4e87-ad60-ae09506584aa
2025-06-12T17:26:02.018Z [INFO]: Finding users in group ID: 339638dc-acf7-4e87-ad60-ae09506584aa
2025-06-12T17:26:02.247Z [INFO]: Controller: Fetching chats for group ID 339638dc-acf7-4e87-ad60-ae09506584aa
2025-06-12T17:26:02.248Z [INFO]: Service: Fetching chats for group ID 339638dc-acf7-4e87-ad60-ae09506584aa
2025-06-12T17:26:02.248Z [INFO]: Finding chats for groupId: 339638dc-acf7-4e87-ad60-ae09506584aa
2025-06-12T17:26:02.488Z [INFO]: Socket disconnected: qobs0o0014MXKrhqAAAH
2025-06-12T17:26:02.652Z [INFO]: Socket connected: p5rbAmgzf--dZIYYAAAJ in room: 339638dc-acf7-4e87-ad60-ae09506584aa
2025-06-12T17:26:18.631Z [INFO]: Producer is connected
2025-06-12T17:26:19.653Z [INFO]: Message sent to Kafka:
2025-06-12T17:26:30.470Z [INFO]: Message sent to Kafka:
2025-06-12T17:39:49.287Z [INFO]: Socket disconnected: p5rbAmgzf--dZIYYAAAJ
2025-06-12T17:39:49.310Z [INFO]: Socket disconnected: UqMyOOLIlEI2jxO7AAAF
2025-06-12T17:39:53.178Z [INFO]: Socket connected: IZnFxO-zj2wOCqdyAAAM in room: 339638dc-acf7-4e87-ad60-ae09506584aa
2025-06-12T17:39:53.181Z [INFO]: Socket connected: 3F7Tg_7uydDcWJ__AAAN in room: 339638dc-acf7-4e87-ad60-ae09506584aa
2025-06-12T17:41:34.317Z [INFO]: Socket disconnected: IZnFxO-zj2wOCqdyAAAM
2025-06-12T17:41:49.373Z [INFO]: Message sent to Kafka:
2025-06-12T17:42:18.722Z [INFO]: Fetching chat group with id 339638dc-acf7-4e87-ad60-ae09506584aa
2025-06-12T17:42:19.011Z [INFO]: Controller: Getting users for group ID: 339638dc-acf7-4e87-ad60-ae09506584aa
2025-06-12T17:42:19.011Z [INFO]: Service: Fetching users for group ID: 339638dc-acf7-4e87-ad60-ae09506584aa
2025-06-12T17:42:19.012Z [INFO]: Finding users in group ID: 339638dc-acf7-4e87-ad60-ae09506584aa
2025-06-12T17:42:19.247Z [INFO]: Controller: Fetching chats for group ID 339638dc-acf7-4e87-ad60-ae09506584aa
2025-06-12T17:42:19.248Z [INFO]: Service: Fetching chats for group ID 339638dc-acf7-4e87-ad60-ae09506584aa
2025-06-12T17:42:19.249Z [INFO]: Finding chats for groupId: 339638dc-acf7-4e87-ad60-ae09506584aa
2025-06-12T17:42:19.806Z [INFO]: Socket connected: iQFPAbqQ5wRMaxGvAAAP in room: 339638dc-acf7-4e87-ad60-ae09506584aa
2025-06-12T17:42:34.109Z [INFO]: Controller: Adding user "Audrey" to group ID: 339638dc-acf7-4e87-ad60-ae09506584aa
2025-06-12T17:42:34.109Z [INFO]: Service: Adding user "Audrey" to group ID: 339638dc-acf7-4e87-ad60-ae09506584aa
2025-06-12T17:42:34.109Z [INFO]: Creating group user: {"name":"Audrey","group_id":"339638dc-acf7-4e87-ad60-ae09506584aa"}
2025-06-12T17:42:57.825Z [INFO]: Message sent to Kafka:
2025-06-12T17:43:10.880Z [INFO]: Message sent to Kafka:
2025-06-12T17:43:13.612Z [INFO]: Fetching chat group with id 339638dc-acf7-4e87-ad60-ae09506584aa
2025-06-12T17:43:13.946Z [INFO]: Controller: Getting users for group ID: 339638dc-acf7-4e87-ad60-ae09506584aa
2025-06-12T17:43:13.947Z [INFO]: Service: Fetching users for group ID: 339638dc-acf7-4e87-ad60-ae09506584aa
2025-06-12T17:43:13.947Z [INFO]: Finding users in group ID: 339638dc-acf7-4e87-ad60-ae09506584aa
2025-06-12T17:43:14.233Z [INFO]: Controller: Fetching chats for group ID 339638dc-acf7-4e87-ad60-ae09506584aa
2025-06-12T17:43:14.234Z [INFO]: Service: Fetching chats for group ID 339638dc-acf7-4e87-ad60-ae09506584aa
2025-06-12T17:43:14.234Z [INFO]: Finding chats for groupId: 339638dc-acf7-4e87-ad60-ae09506584aa
2025-06-12T17:43:14.538Z [INFO]: Socket disconnected: iQFPAbqQ5wRMaxGvAAAP
2025-06-12T17:43:14.703Z [INFO]: Socket connected: Yw1OJnCxFd_4fQjbAAAR in room: 339638dc-acf7-4e87-ad60-ae09506584aa
2025-06-12T17:43:25.744Z [INFO]: Message sent to Kafka:
2025-06-12T17:43:28.983Z [INFO]: Socket disconnected: Yw1OJnCxFd_4fQjbAAAR
2025-06-12T17:43:34.803Z [INFO]: Socket disconnected: 3F7Tg_7uydDcWJ__AAAN
2025-06-12T17:46:12.597Z [INFO]: Shutting down server...
